<?xml version="1.0" encoding="UTF-8" standalone="yes"?>
<leadtools_form_processing_fields>
   <pages>
      <page number="1" dpix="150" dpiy="150">
         <fields>
            <field type="Leadtools.Forms.Processing.TextFormField, Leadtools.Forms.Processing, Version=20.0.4.0, Culture=neutral, PublicKeyToken=9cf889f53ea9b907">
               <values>
                  <value name="Name" />
                  <value bounds="213, 264, 674, 295" />
                  <value dropOut="None" />
                  <value regex_pattern="" />
                  <value ocr_text_type="FlowText" />
                  <value enable_icr="False" />
                  <value enable_ocr="True" />
                  <value text_field_type="Character" />
               </values>
            </field>
         </fields>
      </page>
   </pages>
</leadtools_form_processing_fields>