<?xml version="1.0" encoding="utf-8"?>
<Annotations>
  <Version>1</Version>
  <Container>
    <PageNumber>1</PageNumber>
    <Size>
      <Width>12749.999999999998</Width>
      <Height>16500</Height>
    </Size>
    <Offset>
      <X>0</X>
      <Y>0</Y>
    </Offset>
    <CalibrationScale>1</CalibrationScale>
    <IsVisible>true</IsVisible>
    <IsEnabled>true</IsEnabled>
    <UserData></UserData>
    <Objects>
      <OnLoad>
        <RotateAngle>0</RotateAngle>
        <ScaleX>1</ScaleX>
        <ScaleY>1</ScaleY>
        <Offset>
          <X>0</X>
          <Y>0</Y>
        </Offset>
      </OnLoad>
      <Object>
        <ObjectType>Leadtools.Annotations.Core.AnnRectangleObject</ObjectType>
        <AssemblyName></AssemblyName>
        <OnLoad>
          <RotateAngle>0</RotateAngle>
          <ScaleX>1</ScaleX>
          <ScaleY>1</ScaleY>
          <Offset>
            <X>0</X>
            <Y>0</Y>
          </Offset>
        </OnLoad>
        <IsVisible>true</IsVisible>
        <IsSelected>true</IsSelected>
        <IsLocked>false</IsLocked>
        <Password></Password>
        <GroupName></GroupName>
        <Hyperlink>http://www.lateetud.com</Hyperlink>
        <FixedStateOperations>8</FixedStateOperations>
        <RotateGripper>240</RotateGripper>
        <RotateCenter>
          <X>3326.25</X>
          <Y>2096.25</Y>
        </RotateCenter>
        <Points>
          <Point>
            <X>1597.5</X>
            <Y>1980</Y>
          </Point>
          <Point>
            <X>5055</X>
            <Y>1980</Y>
          </Point>
          <Point>
            <X>5055</X>
            <Y>2212.5</Y>
          </Point>
          <Point>
            <X>1597.5</X>
            <Y>2212.5</Y>
          </Point>
        </Points>
        <Fill>
          <SolidColorBrush>
            <Color>green</Color>
          </SolidColorBrush>
        </Fill>
        <Labels>
          <Label>
            <Key>AnnObjectName</Key>
            <IsVisible>false</IsVisible>
            <LabelRestriction>0</LabelRestriction>
            <Text></Text>
            <OriginalPosition>
              <X>1597.5</X>
              <Y>1980</Y>
            </OriginalPosition>
            <Offset>
              <X>0</X>
              <Y>0</Y>
            </Offset>
            <Background />
            <Foreground>
              <SolidColorBrush>
                <Color>red</Color>
              </SolidColorBrush>
            </Foreground>
            <Font>
              <FamilyName>Arial</FamilyName>
              <Size>11</Size>
              <Stretch>Normal</Stretch>
              <Weight>Normal</Weight>
              <Style>Normal</Style>
              <TextDecoration>0</TextDecoration>
            </Font>
            <OffsetHeight>true</OffsetHeight>
          </Label>
        </Labels>
        <Stroke>
          <Fill>
            <SolidColorBrush>
              <Color>green</Color>
            </SolidColorBrush>
          </Fill>
          <Thickness>1</Thickness>
          <MiterLimit>0</MiterLimit>
          <DashCap>Flat</DashCap>
          <StartLineCap>Round</StartLineCap>
          <EndLineCap>Round</EndLineCap>
          <LineJoin>Round</LineJoin>
          <DashOffset>0</DashOffset>
          <Dashes />
          <StrokeAlignment>Center</StrokeAlignment>
        </Stroke>
        <SelectionStroke>
          <Fill>
            <SolidColorBrush>
              <Color>Blue</Color>
            </SolidColorBrush>
          </Fill>
          <Thickness>4</Thickness>
          <MiterLimit>0</MiterLimit>
          <DashCap>Flat</DashCap>
          <StartLineCap>Round</StartLineCap>
          <EndLineCap>Round</EndLineCap>
          <LineJoin>Round</LineJoin>
          <DashOffset>0</DashOffset>
          <Dashes />
          <StrokeAlignment>Center</StrokeAlignment>
        </SelectionStroke>
        <Font>
          <FamilyName>Arial</FamilyName>
          <Size>12</Size>
          <Stretch>Normal</Stretch>
          <Weight>Normal</Weight>
          <Style>Normal</Style>
          <TextDecoration>0</TextDecoration>
        </Font>
        <ObjectId>-51</ObjectId>
        <ObjectTag>{"Name":"Name","ObjectId":-51,"Bounds":{"Top":0,"Left":0,"Height":0,"Width":0},"OcrFieldInfo":{"Character":true,"Numeric":false,"Data":false,"EnableOCR":true,"EnableICR":false,"Words":false,"CellBoarders":false},"OmrFieldInfo":{"Lowest":false,"Low":false,"High":false,"Highest":false,"Auto":false,"WithFrame":false,"WithoutFrame":false}}</ObjectTag>
        <Metadata>
          <Item>
            <Key>Subject</Key>
            <Value></Value>
          </Item>
          <Item>
            <Key>Author</Key>
            <Value></Value>
          </Item>
          <Item>
            <Key>Modified</Key>
            <Value></Value>
          </Item>
          <Item>
            <Key>Title</Key>
            <Value></Value>
          </Item>
          <Item>
            <Key>Content</Key>
            <Value></Value>
          </Item>
          <Item>
            <Key>Created</Key>
            <Value></Value>
          </Item>
        </Metadata>
        <Reviews />
        <UserId></UserId>
        <LayerId></LayerId>
        <Opacity>0.4</Opacity>
      </Object>
    </Objects>
  </Container>
</Annotations>